#
# There is insufficient memory for the Java Runtime Environment to continue.
# Native memory allocation (mmap) failed to map 266338304 bytes for G1 virtual space
# Possible reasons:
#   The system is out of physical RAM or swap space
#   The process is running with CompressedOops enabled, and the Java Heap may be blocking the growth of the native heap
# Possible solutions:
#   Reduce memory load on the system
#   Increase physical memory or swap space
#   Check if swap backing store is full
#   Decrease Java heap size (-Xmx/-Xms)
#   Decrease number of Java threads
#   Decrease Java thread stack sizes (-Xss)
#   Set larger code cache with -XX:ReservedCodeCacheSize=
#   JVM is running with Zero Based Compressed Oops mode in which the Java heap is
#     placed in the first 32GB address space. The Java Heap base address is the
#     maximum limit for the native heap growth. Please use -XX:HeapBaseMinAddress
#     to set the Java Heap base and to place the Java Heap above 32GB virtual address.
# This output file may be truncated or incomplete.
#
#  Out of Memory Error (os_windows.cpp:3527), pid=19232, tid=11792
#
# JRE version:  (19.0.1+10) (build )
# Java VM: Java HotSpot(TM) 64-Bit Server VM (19.0.1+10-21, mixed mode, sharing, tiered, compressed oops, compressed class ptrs, g1 gc, windows-amd64)
# No core dump will be written. Minidumps are not enabled by default on client versions of Windows
#

---------------  S U M M A R Y ------------

Command Line: -Dfile.encoding=UTF-8 --module-path=C:\Users\Lenovo\Desktop\GitHub\PROYECTO_JAVA\PROYECTO_FINAL\build\classes PROYECTO.main

Host: 11th Gen Intel(R) Core(TM) i7-1165G7 @ 2.80GHz, 8 cores, 15G,  Windows 10 , 64 bit Build 19041 (10.0.19041.2364)
Time: Wed Apr 12 14:43:09 2023 Hora est. Pacífico, Sudamérica elapsed time: 0.011624 seconds (0d 0h 0m 0s)

---------------  T H R E A D  ---------------

Current thread (0x00000265788fb8b0):  JavaThread "Unknown thread" [_thread_in_vm, id=11792, stack(0x000000d1a5f00000,0x000000d1a6000000)]

Stack: [0x000000d1a5f00000,0x000000d1a6000000]
Native frames: (J=compiled Java code, j=interpreted, Vv=VM code, C=native code)
V  [jvm.dll+0x6ee8fa]
V  [jvm.dll+0x857a1e]
V  [jvm.dll+0x85940e]
V  [jvm.dll+0x859ac3]
V  [jvm.dll+0x28291f]
V  [jvm.dll+0x6eb6e9]
V  [jvm.dll+0x6e028a]
V  [jvm.dll+0x357136]
V  [jvm.dll+0x35eb96]
V  [jvm.dll+0x3b555e]
V  [jvm.dll+0x3b578f]
V  [jvm.dll+0x32c6ea]
V  [jvm.dll+0x32d59e]
V  [jvm.dll+0x821b20]
V  [jvm.dll+0x3c27c1]
V  [jvm.dll+0x8022f1]
V  [jvm.dll+0x44b30f]
V  [jvm.dll+0x44cc91]
C  [jli.dll+0x5287]
C  [ucrtbase.dll+0x21bb2]
C  [KERNEL32.DLL+0x17614]
C  [ntdll.dll+0x526a1]


---------------  P R O C E S S  ---------------

Threads class SMR info:
_java_thread_list=0x00007ffebbb8d048, length=0, elements={
}

Java Threads: ( => current thread )

Other Threads:
  0x000002657896ecc0 WorkerThread "GC Thread#0" [stack: 0x000000d1a6000000,0x000000d1a6100000] [id=10424]
  0x000002657897f8b0 ConcurrentGCThread "G1 Main Marker" [stack: 0x000000d1a6100000,0x000000d1a6200000] [id=4684]
  0x00000265789802e0 WorkerThread "G1 Conc#0" [stack: 0x000000d1a6200000,0x000000d1a6300000] [id=2988]

[error occurred during error reporting (printing all threads), id 0xc0000005, EXCEPTION_ACCESS_VIOLATION (0xc0000005) at pc=0x00007ffebb34d127]

VM state: not at safepoint (not fully initialized)

VM Mutex/Monitor currently owned by a thread:  ([mutex/lock_event])
[0x00000265788e2d60] Heap_lock - owner thread: 0x00000265788fb8b0

Heap address: 0x0000000703600000, size: 4042 MB, Compressed Oops mode: Zero based, Oop shift amount: 3

CDS archive(s) mapped at: [0x0000000000000000-0x0000000000000000-0x0000000000000000), size 0, SharedBaseAddress: 0x0000000800000000, ArchiveRelocationMode: 0.
Narrow klass base: 0x0000000000000000, Narrow klass shift: 0, Narrow klass range: 0x0

GC Precious Log:
 CardTable entry size: 512
 Card Set container configuration: InlinePtr #cards 4 size 8 Array Of Cards #cards 16 size 48 Howl #buckets 8 coarsen threshold 3686 Howl Bitmap #cards 512 size 80 coarsen threshold 460 Card regions per heap region 1 cards per card region 4096

Heap:
 garbage-first heap   total 0K, used 0K [0x0000000703600000, 0x0000000800000000)
  region size 2048K, 0 young (0K), 0 survivors (0K)

[error occurred during error reporting (printing heap information), id 0xc0000005, EXCEPTION_ACCESS_VIOLATION (0xc0000005) at pc=0x00007ffebb756959]

GC Heap History (0 events):
No events

Dll operation events (1 events):
Event: 0.007 Loaded shared library C:\Program Files\Java\jdk-19\bin\java.dll

Deoptimization events (0 events):
No events

Classes loaded (0 events):
No events

Classes unloaded (0 events):
No events

Classes redefined (0 events):
No events

Internal exceptions (0 events):
No events

VM Operations (0 events):
No events

Events (0 events):
No events


Dynamic libraries:
0x00007ff773a80000 - 0x00007ff773a90000 	C:\Program Files\Java\jdk-19\bin\java.exe
0x00007fff515d0000 - 0x00007fff517c8000 	C:\Windows\SYSTEM32\ntdll.dll
0x00007fff4fa60000 - 0x00007fff4fb1f000 	C:\Windows\System32\KERNEL32.DLL
0x00007fff4ef20000 - 0x00007fff4f1f2000 	C:\Windows\System32\KERNELBASE.dll
0x00007fff4ee20000 - 0x00007fff4ef20000 	C:\Windows\System32\ucrtbase.dll
0x00007fff41f70000 - 0x00007fff41f88000 	C:\Program Files\Java\jdk-19\bin\jli.dll
0x00007fff49650000 - 0x00007fff4966b000 	C:\Program Files\Java\jdk-19\bin\VCRUNTIME140.dll
0x00007fff51330000 - 0x00007fff513de000 	C:\Windows\System32\ADVAPI32.dll
0x00007fff4fcd0000 - 0x00007fff4fd6e000 	C:\Windows\System32\msvcrt.dll
0x00007fff50610000 - 0x00007fff506ac000 	C:\Windows\System32\sechost.dll
0x00007fff51130000 - 0x00007fff51255000 	C:\Windows\System32\RPCRT4.dll
0x00007fff513e0000 - 0x00007fff51581000 	C:\Windows\System32\USER32.dll
0x00007fff4f250000 - 0x00007fff4f272000 	C:\Windows\System32\win32u.dll
0x00007fff4fb20000 - 0x00007fff4fb4b000 	C:\Windows\System32\GDI32.dll
0x00007fff2f840000 - 0x00007fff2fada000 	C:\Windows\WinSxS\amd64_microsoft.windows.common-controls_6595b64144ccf1df_6.0.19041.1110_none_60b5254171f9507e\COMCTL32.dll
0x00007fff4f340000 - 0x00007fff4f44f000 	C:\Windows\System32\gdi32full.dll
0x00007fff4f570000 - 0x00007fff4f60d000 	C:\Windows\System32\msvcp_win.dll
0x00007fff42250000 - 0x00007fff4225a000 	C:\Windows\SYSTEM32\VERSION.dll
0x00007fff4fb50000 - 0x00007fff4fb82000 	C:\Windows\System32\IMM32.DLL
0x00007fff4b600000 - 0x00007fff4b60c000 	C:\Program Files\Java\jdk-19\bin\vcruntime140_1.dll
0x00007fff0b030000 - 0x00007fff0b0be000 	C:\Program Files\Java\jdk-19\bin\msvcp140.dll
0x00007ffebb010000 - 0x00007ffebbcd0000 	C:\Program Files\Java\jdk-19\bin\server\jvm.dll
0x00007fff1a510000 - 0x00007fff1a519000 	C:\Windows\SYSTEM32\WSOCK32.dll
0x00007fff50ce0000 - 0x00007fff50d4b000 	C:\Windows\System32\WS2_32.dll
0x00007fff41160000 - 0x00007fff41187000 	C:\Windows\SYSTEM32\WINMM.dll
0x00007fff4d510000 - 0x00007fff4d522000 	C:\Windows\SYSTEM32\kernel.appcore.dll
0x00007fff4b5a0000 - 0x00007fff4b5aa000 	C:\Program Files\Java\jdk-19\bin\jimage.dll
0x00007fff4c2b0000 - 0x00007fff4c494000 	C:\Windows\SYSTEM32\DBGHELP.DLL
0x00007fff37260000 - 0x00007fff37295000 	C:\Windows\SYSTEM32\dbgcore.DLL
0x00007fff4f2b0000 - 0x00007fff4f332000 	C:\Windows\System32\bcryptPrimitives.dll
0x00007fff43760000 - 0x00007fff43786000 	C:\Program Files\Java\jdk-19\bin\java.dll

dbghelp: loaded successfully - version: 4.0.5 - missing functions: none
symbol engine: initialized successfully - sym options: 0x614 - pdb path: .;C:\Program Files\Java\jdk-19\bin;C:\Windows\SYSTEM32;C:\Windows\WinSxS\amd64_microsoft.windows.common-controls_6595b64144ccf1df_6.0.19041.1110_none_60b5254171f9507e;C:\Program Files\Java\jdk-19\bin\server

VM Arguments:
jvm_args: -Dfile.encoding=UTF-8 --module-path=C:\Users\Lenovo\Desktop\GitHub\PROYECTO_JAVA\PROYECTO_FINAL\build\classes 
java_command: PROYECTO.main
java_class_path (initial): C:\Users\Lenovo\Desktop\GitHub\PROYECTO_JAVA\PROYECTO_FINAL\lib\mysql-connector-j-8.0.32.jar;C:\Users\Lenovo\Desktop\GitHub\PROYECTO_JAVA\PROYECTO_FINAL\build\classes
Launcher Type: SUN_STANDARD

[Global flags]
     intx CICompilerCount                          = 4                                         {product} {ergonomic}
     uint ConcGCThreads                            = 2                                         {product} {ergonomic}
     uint G1ConcRefinementThreads                  = 8                                         {product} {ergonomic}
   size_t G1HeapRegionSize                         = 2097152                                   {product} {ergonomic}
    uintx GCDrainStackTargetSize                   = 64                                        {product} {ergonomic}
   size_t InitialHeapSize                          = 266338304                                 {product} {ergonomic}
   size_t MarkStackSize                            = 4194304                                   {product} {ergonomic}
   size_t MaxHeapSize                              = 4238344192                                {product} {ergonomic}
   size_t MinHeapDeltaBytes                        = 2097152                                   {product} {ergonomic}
   size_t MinHeapSize                              = 8388608                                   {product} {ergonomic}
    uintx NonNMethodCodeHeapSize                   = 5839372                                {pd product} {ergonomic}
    uintx NonProfiledCodeHeapSize                  = 122909434                              {pd product} {ergonomic}
    uintx ProfiledCodeHeapSize                     = 122909434                              {pd product} {ergonomic}
    uintx ReservedCodeCacheSize                    = 251658240                              {pd product} {ergonomic}
     bool SegmentedCodeCache                       = true                                      {product} {ergonomic}
   size_t SoftMaxHeapSize                          = 4238344192                             {manageable} {ergonomic}
     bool UseCompressedClassPointers               = true                           {product lp64_product} {ergonomic}
     bool UseCompressedOops                        = true                           {product lp64_product} {ergonomic}
     bool UseG1GC                                  = true                                      {product} {ergonomic}
     bool UseLargePagesIndividualAllocation        = false                                  {pd product} {ergonomic}

Logging:
Log output configuration:
 #0: stdout all=warning uptime,level,tags foldmultilines=false
 #1: stderr all=off uptime,level,tags foldmultilines=false

Environment Variables:
PATH=C:\oraclexe\app\oracle\product\11.2.0\server\bin;;C:\ProgramData\Oracle\Java\javapath;C:\Program Files\Common Files\Oracle\Java\javapath;C:\Program Files (x86)\Common Files\Oracle\Java\javapath;C:\Windows\system32;C:\Windows;C:\Windows\System32\Wbem;C:\Windows\System32\WindowsPowerShell\v1.0\;C:\Windows\System32\OpenSSH\;C:\Program Files\Git\cmd;C:\DBSQLite;C:\Program Files\Microsoft SQL Server\Client SDK\ODBC\170\Tools\Binn\;C:\Program Files (x86)\Microsoft SQL Server\150\Tools\Binn\;C:\Program Files\Microsoft SQL Server\150\Tools\Binn\;C:\Program Files\Microsoft SQL Server\150\DTS\Binn\;C:\Program Files (x86)\Microsoft SQL Server\150\DTS\Binn\;C:\Program Files\UniConvertor-2.0rc5\;C:\Program Files\GTK2-Runtime Win64\bin;C:\Program Files (x86)\Dev-Cpp\MinGW64\bin;C:\Windows\system32\config\systemprofile\.dnx\bin;C:\Program Files\Microsoft DNX\Dnvm\;C:\Program Files\dotnet\;C:\Program Files (x86)\Rational\common;C:\Program Files\Microsoft SQL Server\130\Tools\Binn\;C:\Program Files\MySQL\MySQL Shell 8.0\bin\;C:\Users\Lenovo\AppData\Local\Microsoft\WindowsApps;C:\Users\Lenovo\AppData\Local\Programs\Microsoft VS Code\bin;C:\DBSQLite\sqlite-tools-win32-x86-3390200;C:\Program Files\Azure Data Studio\bin;C:\Users\Lenovo\.dotnet\tools;C:\Users\Lenovo\.dotnet\tools
USERNAME=Lenovo
OS=Windows_NT
PROCESSOR_IDENTIFIER=Intel64 Family 6 Model 140 Stepping 1, GenuineIntel
TMP=C:\Users\Lenovo\AppData\Local\Temp
TEMP=C:\Users\Lenovo\AppData\Local\Temp



---------------  S Y S T E M  ---------------

OS:
 Windows 10 , 64 bit Build 19041 (10.0.19041.2364)
OS uptime: 1 days 1:00 hours

CPU: total 8 (initial active 8) (4 cores per cpu, 2 threads per core) family 6 model 140 stepping 1 microcode 0x8a, cx8, cmov, fxsr, ht, mmx, 3dnowpref, sse, sse2, sse3, ssse3, sse4.1, sse4.2, popcnt, lzcnt, tsc, tscinvbit, avx, avx2, aes, erms, clmul, bmi1, bmi2, adx, avx512f, avx512dq, avx512cd, avx512bw, avx512vl, sha, fma, vzeroupper, avx512_vpopcntdq, avx512_vpclmulqdq, avx512_vaes, avx512_vnni, clflush, clflushopt, clwb, avx512_vbmi2, avx512_vbmi, rdtscp, rdpid, fsrm, gfni, avx512_bitalg

Memory: 4k page, system-wide physical 16167M (6500M free)
TotalPageFile size 21032M (AvailPageFile size 155M)
current process WorkingSet (physical memory assigned to process): 10M, peak: 10M
current process commit charge ("private bytes"): 60M, peak: 314M

vm_info: Java HotSpot(TM) 64-Bit Server VM (19.0.1+10-21) for windows-amd64 JRE (19.0.1+10-21), built on 2022-09-14T12:45:06Z by "mach5one" with MS VC++ 17.1 (VS2022)

END.
